<?xml version="1.0" encoding="UTF-8"?>
<!-- Generated by org.testng.reporters.JUnitReportReporter -->
<testsuite hostname="bavya" failures="0" tests="2" name="TestCases.TC_Add_Language" time="23.346" errors="0" timestamp="2020-04-01T22:11:53 IST" skipped="0">
  <testcase classname="TestCases.TC_Add_Language" name="Nationality_call_allmethods" time="5.104"/>
  <testcase classname="TestCases.TC_Add_Language" name="Nationality_call_allmethods" time="18.242"/>
</testsuite> <!-- TestCases.TC_Add_Language -->
