<?xml version="1.0" encoding="UTF-8"?>
<!-- Generated by org.testng.reporters.JUnitReportReporter -->
<testsuite hostname="DESKTOP-VL2N6EH" failures="0" tests="2" name="TestCases.TC01_Add_Education" time="14.828" errors="0" timestamp="2020-03-24T08:41:42 IST" skipped="0">
  <testcase classname="TestCases.TC01_Add_Education" name="Nationality_call_allmethods" time="3.047"/>
  <testcase classname="TestCases.TC01_Add_Education" name="Nationality_call_allmethods" time="11.781"/>
</testsuite> <!-- TestCases.TC01_Add_Education -->
